c:\users\lhawk\onedrive\projects\minecraft\minecraft\debug\vc142.pdb
c:\users\lhawk\onedrive\projects\minecraft\minecraft\debug\vc142.idb
c:\users\lhawk\onedrive\projects\minecraft\minecraft\debug\worldrenderer.obj
c:\users\lhawk\onedrive\projects\minecraft\minecraft\debug\texture.obj
c:\users\lhawk\onedrive\projects\minecraft\minecraft\debug\shader.obj
c:\users\lhawk\onedrive\projects\minecraft\minecraft\debug\mouse.obj
c:\users\lhawk\onedrive\projects\minecraft\minecraft\debug\meshrenderer.obj
c:\users\lhawk\onedrive\projects\minecraft\minecraft\debug\materialfactory.obj
c:\users\lhawk\onedrive\projects\minecraft\minecraft\debug\material.obj
c:\users\lhawk\onedrive\projects\minecraft\minecraft\debug\mainplayercontroller.obj
c:\users\lhawk\onedrive\projects\minecraft\minecraft\debug\main.obj
c:\users\lhawk\onedrive\projects\minecraft\minecraft\debug\keyboard.obj
c:\users\lhawk\onedrive\projects\minecraft\minecraft\debug\chunkrenderer.obj
c:\users\lhawk\onedrive\projects\minecraft\minecraft\debug\cameracontroller.obj
c:\users\lhawk\onedrive\projects\minecraft\minecraft\debug\camera.obj
c:\users\lhawk\onedrive\projects\minecraft\minecraft\debug\stb_image_aug.obj
c:\users\lhawk\onedrive\projects\minecraft\minecraft\debug\soil.obj
c:\users\lhawk\onedrive\projects\minecraft\minecraft\debug\image_helper.obj
c:\users\lhawk\onedrive\projects\minecraft\minecraft\debug\image_dxt.obj
c:\users\lhawk\onedrive\projects\minecraft\minecraft\debug\meshbindings.obj
c:\users\lhawk\onedrive\projects\minecraft\debug\minecraft.exe
c:\users\lhawk\onedrive\projects\minecraft\debug\minecraft.ilk
c:\users\lhawk\onedrive\projects\minecraft\debug\minecraft.pdb
c:\users\lhawk\onedrive\projects\minecraft\minecraft\debug\minecraft.tlog\cl.command.1.tlog
c:\users\lhawk\onedrive\projects\minecraft\minecraft\debug\minecraft.tlog\cl.read.1.tlog
c:\users\lhawk\onedrive\projects\minecraft\minecraft\debug\minecraft.tlog\cl.write.1.tlog
c:\users\lhawk\onedrive\projects\minecraft\minecraft\debug\minecraft.tlog\link.command.1.tlog
c:\users\lhawk\onedrive\projects\minecraft\minecraft\debug\minecraft.tlog\link.read.1.tlog
c:\users\lhawk\onedrive\projects\minecraft\minecraft\debug\minecraft.tlog\link.write.1.tlog
