c:\users\lhawk\onedrive\projects\minecraft\common\debug\common.pdb
c:\users\lhawk\onedrive\projects\minecraft\common\debug\common.idb
c:\users\lhawk\onedrive\projects\minecraft\common\debug\worldgenerator.obj
c:\users\lhawk\onedrive\projects\minecraft\common\debug\world.obj
c:\users\lhawk\onedrive\projects\minecraft\common\debug\tcp_server.obj
c:\users\lhawk\onedrive\projects\minecraft\common\debug\tcp_connection.obj
c:\users\lhawk\onedrive\projects\minecraft\common\debug\gametime.obj
c:\users\lhawk\onedrive\projects\minecraft\common\debug\mesh.obj
c:\users\lhawk\onedrive\projects\minecraft\common\debug\standardblock.obj
c:\users\lhawk\onedrive\projects\minecraft\common\debug\remotechunkloader.obj
c:\users\lhawk\onedrive\projects\minecraft\common\debug\player.obj
c:\users\lhawk\onedrive\projects\minecraft\common\debug\messageresolver.obj
c:\users\lhawk\onedrive\projects\minecraft\common\debug\message.obj
c:\users\lhawk\onedrive\projects\minecraft\common\debug\event.obj
c:\users\lhawk\onedrive\projects\minecraft\common\debug\chunkloader.obj
c:\users\lhawk\onedrive\projects\minecraft\common\debug\chunk.obj
c:\users\lhawk\onedrive\projects\minecraft\common\debug\block.obj
c:\users\lhawk\onedrive\projects\minecraft\common\debug\blockserialisation.obj
c:\users\lhawk\onedrive\projects\minecraft\common\debug\udp_connection.obj
c:\users\lhawk\onedrive\projects\minecraft\common\debug\playermovedmessage.obj
c:\users\lhawk\onedrive\projects\minecraft\common\debug\udp_server.obj
c:\users\lhawk\onedrive\projects\minecraft\common\debug\streamworldtoclients.obj
c:\users\lhawk\onedrive\projects\minecraft\common\debug\streamworldfromserver.obj
c:\users\lhawk\onedrive\projects\minecraft\common\debug\remoteplayercontroller.obj
c:\users\lhawk\onedrive\projects\minecraft\common\debug\playercontroller.obj
c:\users\lhawk\onedrive\projects\minecraft\debug\common.lib
c:\users\lhawk\onedrive\projects\minecraft\common\debug\common.res
c:\users\lhawk\onedrive\projects\minecraft\common\debug\common.tlog\cl.command.1.tlog
c:\users\lhawk\onedrive\projects\minecraft\common\debug\common.tlog\cl.read.1.tlog
c:\users\lhawk\onedrive\projects\minecraft\common\debug\common.tlog\cl.write.1.tlog
c:\users\lhawk\onedrive\projects\minecraft\common\debug\common.tlog\lib-link-cvtres.read.1.tlog
c:\users\lhawk\onedrive\projects\minecraft\common\debug\common.tlog\lib-link-cvtres.write.1.tlog
c:\users\lhawk\onedrive\projects\minecraft\common\debug\common.tlog\lib.command.1.tlog
c:\users\lhawk\onedrive\projects\minecraft\common\debug\common.tlog\rc.command.1.tlog
c:\users\lhawk\onedrive\projects\minecraft\common\debug\common.tlog\rc.read.1.tlog
c:\users\lhawk\onedrive\projects\minecraft\common\debug\common.tlog\rc.write.1.tlog
