c:\users\lhawk\onedrive\projects\minecraft\server\debug\vc142.pdb
c:\users\lhawk\onedrive\projects\minecraft\server\debug\vc142.idb
c:\users\lhawk\onedrive\projects\minecraft\server\debug\tcp_server.obj
c:\users\lhawk\onedrive\projects\minecraft\server\debug\main.obj
c:\users\lhawk\onedrive\projects\minecraft\debug\server.pdb
c:\users\lhawk\onedrive\projects\minecraft\server\debug\server.tlog\cl.command.1.tlog
c:\users\lhawk\onedrive\projects\minecraft\server\debug\server.tlog\cl.read.1.tlog
c:\users\lhawk\onedrive\projects\minecraft\server\debug\server.tlog\cl.write.1.tlog
c:\users\lhawk\onedrive\projects\minecraft\server\debug\server.tlog\link-cvtres.read.1.tlog
c:\users\lhawk\onedrive\projects\minecraft\server\debug\server.tlog\link-cvtres.write.1.tlog
c:\users\lhawk\onedrive\projects\minecraft\server\debug\server.tlog\link-rc.read.1.tlog
c:\users\lhawk\onedrive\projects\minecraft\server\debug\server.tlog\link-rc.write.1.tlog
c:\users\lhawk\onedrive\projects\minecraft\server\debug\server.tlog\link.4448-cvtres.read.1.tlog
c:\users\lhawk\onedrive\projects\minecraft\server\debug\server.tlog\link.4448-cvtres.write.1.tlog
c:\users\lhawk\onedrive\projects\minecraft\server\debug\server.tlog\link.4448-rc.read.1.tlog
c:\users\lhawk\onedrive\projects\minecraft\server\debug\server.tlog\link.4448-rc.write.1.tlog
c:\users\lhawk\onedrive\projects\minecraft\server\debug\server.tlog\link.4448.read.1.tlog
c:\users\lhawk\onedrive\projects\minecraft\server\debug\server.tlog\link.4448.write.1.tlog
c:\users\lhawk\onedrive\projects\minecraft\server\debug\server.tlog\link.command.1.tlog
c:\users\lhawk\onedrive\projects\minecraft\server\debug\server.tlog\link.read.1.tlog
c:\users\lhawk\onedrive\projects\minecraft\server\debug\server.tlog\link.write.1.tlog
